This is pdfTeX, Version 3.1415926-2.5-1.40.14 (MiKTeX 2.9) (preloaded format=pdflatex 2015.3.29)  5 APR 2015 14:27
entering extended mode
**C:/Users/dell/Documents/GitHub/Dissertation__Final_Report/dissertation.tex
(C:/Users/dell/Documents/GitHub/Dissertation__Final_Report/dissertation.tex
LaTeX2e <2011/06/27>
Babel <v3.8m> and hyphenation patterns for english, afrikaans, ancientgreek, ar
abic, armenian, assamese, basque, bengali, bokmal, bulgarian, catalan, coptic, 
croatian, czech, danish, dutch, esperanto, estonian, farsi, finnish, french, ga
lician, german, german-x-2013-05-26, greek, gujarati, hindi, hungarian, iceland
ic, indonesian, interlingua, irish, italian, kannada, kurmanji, latin, latvian,
 lithuanian, malayalam, marathi, mongolian, mongolianlmc, monogreek, ngerman, n
german-x-2013-05-26, nynorsk, oriya, panjabi, pinyin, polish, portuguese, roman
ian, russian, sanskrit, serbian, slovak, slovenian, spanish, swedish, swissgerm
an, tamil, telugu, turkish, turkmen, ukenglish, ukrainian, uppersorbian, usengl
ishmax, welsh, loaded.
("C:\Program Files (x86)\MiKTeX 2.9\tex\latex\base\report.cls"
Document Class: report 2007/10/19 v1.4h Standard LaTeX document class
("C:\Program Files (x86)\MiKTeX 2.9\tex\latex\base\size11.clo"
File: size11.clo 2007/10/19 v1.4h Standard LaTeX file (size option)
)
\c@part=\count79
\c@chapter=\count80
\c@section=\count81
\c@subsection=\count82
\c@subsubsection=\count83
\c@paragraph=\count84
\c@subparagraph=\count85
\c@figure=\count86
\c@table=\count87
\abovecaptionskip=\skip41
\belowcaptionskip=\skip42
\bibindent=\dimen102
)
(C:\Users\dell\Documents\GitHub\Dissertation__Final_Report\mmp.sty
Package: mmp 

("C:\Program Files (x86)\MiKTeX 2.9\tex\latex\graphics\graphicx.sty"
Package: graphicx 1999/02/16 v1.0f Enhanced LaTeX Graphics (DPC,SPQR)

("C:\Program Files (x86)\MiKTeX 2.9\tex\latex\graphics\keyval.sty"
Package: keyval 1999/03/16 v1.13 key=value parser (DPC)
\KV@toks@=\toks14
)
("C:\Program Files (x86)\MiKTeX 2.9\tex\latex\graphics\graphics.sty"
Package: graphics 2009/02/05 v1.0o Standard LaTeX Graphics (DPC,SPQR)

("C:\Program Files (x86)\MiKTeX 2.9\tex\latex\graphics\trig.sty"
Package: trig 1999/03/16 v1.09 sin cos tan (DPC)
)
("C:\Program Files (x86)\MiKTeX 2.9\tex\latex\00miktex\graphics.cfg"
File: graphics.cfg 2007/01/18 v1.5 graphics configuration of teTeX/TeXLive
)
Package graphics Info: Driver file: pdftex.def on input line 91.

("C:\Program Files (x86)\MiKTeX 2.9\tex\latex\pdftex-def\pdftex.def"
File: pdftex.def 2011/05/27 v0.06d Graphics/color for pdfTeX

("C:\Program Files (x86)\MiKTeX 2.9\tex\generic\oberdiek\infwarerr.sty"
Package: infwarerr 2010/04/08 v1.3 Providing info/warning/error messages (HO)
)
("C:\Program Files (x86)\MiKTeX 2.9\tex\generic\oberdiek\ltxcmds.sty"
Package: ltxcmds 2011/11/09 v1.22 LaTeX kernel commands for general use (HO)
)
\Gread@gobject=\count88
))
\Gin@req@height=\dimen103
\Gin@req@width=\dimen104
)
("C:\Program Files (x86)\MiKTeX 2.9\tex\latex\psnfss\palatino.sty"
Package: palatino 2005/04/12 PSNFSS-v9.2a (SPQR) 
)
("C:\Program Files (x86)\MiKTeX 2.9\tex\latex\carlisle\plain.sty"
Package: plain 1996/04/22 Plain TeX emulation (DPC)
\tabs@latex=\box26
\tabsyet@latex=\box27
\tabsdone@latex=\box28
)
("C:\Program Files (x86)\MiKTeX 2.9\tex\latex\amsmath\amsmath.sty"
Package: amsmath 2013/01/14 v2.14 AMS math features
\@mathmargin=\skip43

For additional information on amsmath, use the `?' option.
("C:\Program Files (x86)\MiKTeX 2.9\tex\latex\amsmath\amstext.sty"
Package: amstext 2000/06/29 v2.01

("C:\Program Files (x86)\MiKTeX 2.9\tex\latex\amsmath\amsgen.sty"
File: amsgen.sty 1999/11/30 v2.0
\@emptytoks=\toks15
\ex@=\dimen105
))
("C:\Program Files (x86)\MiKTeX 2.9\tex\latex\amsmath\amsbsy.sty"
Package: amsbsy 1999/11/29 v1.2d
\pmbraise@=\dimen106
)
("C:\Program Files (x86)\MiKTeX 2.9\tex\latex\amsmath\amsopn.sty"
Package: amsopn 1999/12/14 v2.01 operator names
)
\inf@bad=\count89
LaTeX Info: Redefining \frac on input line 210.
\uproot@=\count90
\leftroot@=\count91
LaTeX Info: Redefining \overline on input line 306.
\classnum@=\count92
\DOTSCASE@=\count93
LaTeX Info: Redefining \ldots on input line 378.
LaTeX Info: Redefining \dots on input line 381.
LaTeX Info: Redefining \cdots on input line 466.
\Mathstrutbox@=\box29
\strutbox@=\box30
\big@size=\dimen107
LaTeX Font Info:    Redeclaring font encoding OML on input line 566.
LaTeX Font Info:    Redeclaring font encoding OMS on input line 567.
\macc@depth=\count94
\c@MaxMatrixCols=\count95
\dotsspace@=\muskip10
\c@parentequation=\count96
\dspbrk@lvl=\count97
\tag@help=\toks16
\row@=\count98
\column@=\count99
\maxfields@=\count100
\andhelp@=\toks17
\eqnshift@=\dimen108
\alignsep@=\dimen109
\tagshift@=\dimen110
\tagwidth@=\dimen111
\totwidth@=\dimen112
\lineht@=\dimen113
\@envbody=\toks18
\multlinegap=\skip44
\multlinetaggap=\skip45
\mathdisplay@stack=\toks19
LaTeX Info: Redefining \[ on input line 2665.
LaTeX Info: Redefining \] on input line 2666.
)
("C:\Program Files (x86)\MiKTeX 2.9\tex\latex\amsfonts\amsfonts.sty"
Package: amsfonts 2013/01/14 v3.01 Basic AMSFonts support
\symAMSa=\mathgroup4
\symAMSb=\mathgroup5
LaTeX Font Info:    Overwriting math alphabet `\mathfrak' in version `bold'
(Font)                  U/euf/m/n --> U/euf/b/n on input line 106.
)
("C:\Program Files (x86)\MiKTeX 2.9\tex\latex\amsfonts\amssymb.sty"
Package: amssymb 2013/01/14 v3.01 AMS font symbols
)
("C:\Program Files (x86)\MiKTeX 2.9\tex\latex\subfigure\subfigure.sty"
Package: subfigure 2002/07/30 v2.1.4 subfigure package
\subfigtopskip=\skip46
\subfigcapskip=\skip47
\subfigcaptopadj=\dimen114
\subfigbottomskip=\skip48
\subfigcapmargin=\dimen115
\subfiglabelskip=\skip49
\c@subfigure=\count101
\c@lofdepth=\count102
\c@subtable=\count103
\c@lotdepth=\count104

****************************************
* Local config file subfigure.cfg used *
****************************************
("C:\Program Files (x86)\MiKTeX 2.9\tex\latex\subfigure\subfigure.cfg")
\subfig@top=\skip50
\subfig@bottom=\skip51
)
("C:\Program Files (x86)\MiKTeX 2.9\tex\latex\float\float.sty"
Package: float 2001/11/08 v1.3d Float enhancements (AL)
\c@float@type=\count105
\float@exts=\toks20
\float@box=\box31
\@float@everytoks=\toks21
\@floatcapt=\box32
)
("C:\Program Files (x86)\MiKTeX 2.9\tex\latex\psnfss\times.sty"
Package: times 2005/04/12 PSNFSS-v9.2a (SPQR) 
)
("C:\Program Files (x86)\MiKTeX 2.9\tex\latex\fancyhdr\fancyhdr.sty"
\fancy@headwidth=\skip52
\f@ncyO@elh=\skip53
\f@ncyO@erh=\skip54
\f@ncyO@olh=\skip55
\f@ncyO@orh=\skip56
\f@ncyO@elf=\skip57
\f@ncyO@erf=\skip58
\f@ncyO@olf=\skip59
\f@ncyO@orf=\skip60
)
("C:\Program Files (x86)\MiKTeX 2.9\tex\latex\lastpage\lastpage.sty"
Package: lastpage 2013/01/28 v1.2l Refers to last page's name (HMM; JPG)
)
("C:\Program Files (x86)\MiKTeX 2.9\tex\latex\url\url.sty"
\Urlmuskip=\muskip11
Package: url 2013/09/16  ver 3.4  Verb mode for urls, etc.
))
("C:\Program Files (x86)\MiKTeX 2.9\tex\latex\pdfpages\pdfpages.sty"
Package: pdfpages 2013/08/25 v0.4v Insert pages of external PDF documents (AM)

("C:\Program Files (x86)\MiKTeX 2.9\tex\latex\base\ifthen.sty"
Package: ifthen 2001/05/26 v1.1c Standard LaTeX ifthen package (DPC)
)
("C:\Program Files (x86)\MiKTeX 2.9\tex\latex\tools\calc.sty"
Package: calc 2007/08/22 v4.3 Infix arithmetic (KKT,FJ)
\calc@Acount=\count106
\calc@Bcount=\count107
\calc@Adimen=\dimen116
\calc@Bdimen=\dimen117
\calc@Askip=\skip61
\calc@Bskip=\skip62
LaTeX Info: Redefining \setlength on input line 76.
LaTeX Info: Redefining \addtolength on input line 77.
\calc@Ccount=\count108
\calc@Cskip=\skip63
)
("C:\Program Files (x86)\MiKTeX 2.9\tex\latex\eso-pic\eso-pic.sty"
Package: eso-pic 2013/10/06 v2.0d eso-pic (RN)

("C:\Program Files (x86)\MiKTeX 2.9\tex\generic\oberdiek\atbegshi.sty"
Package: atbegshi 2011/10/05 v1.16 At begin shipout hook (HO)

("C:\Program Files (x86)\MiKTeX 2.9\tex\generic\oberdiek\ifpdf.sty"
Package: ifpdf 2011/01/30 v2.3 Provides the ifpdf switch (HO)
Package ifpdf Info: pdfTeX in PDF mode is detected.
))
("C:\Program Files (x86)\MiKTeX 2.9\tex\latex\xcolor\xcolor.sty"
Package: xcolor 2007/01/21 v2.11 LaTeX color extensions (UK)

("C:\Program Files (x86)\MiKTeX 2.9\tex\latex\00miktex\color.cfg"
File: color.cfg 2007/01/18 v1.5 color configuration of teTeX/TeXLive
)
Package xcolor Info: Driver file: pdftex.def on input line 225.
Package xcolor Info: Model `cmy' substituted by `cmy0' on input line 1337.
Package xcolor Info: Model `hsb' substituted by `rgb' on input line 1341.
Package xcolor Info: Model `RGB' extended on input line 1353.
Package xcolor Info: Model `HTML' substituted by `rgb' on input line 1355.
Package xcolor Info: Model `Hsb' substituted by `hsb' on input line 1356.
Package xcolor Info: Model `tHsb' substituted by `hsb' on input line 1357.
Package xcolor Info: Model `HSB' substituted by `hsb' on input line 1358.
Package xcolor Info: Model `Gray' substituted by `gray' on input line 1359.
Package xcolor Info: Model `wave' substituted by `hsb' on input line 1360.
))
("C:\Program Files (x86)\MiKTeX 2.9\tex\latex\pdfpages\pppdftex.def"
File: pppdftex.def 2013/08/25 v0.4v Pdfpages driver for pdfTeX (AM)
)
\AM@pagebox=\box33
\AM@toc@title=\toks22
\c@AM@survey=\count109
\AM@templatesizebox=\box34
)
("C:\Program Files (x86)\MiKTeX 2.9\tex\latex\graphics\lscape.sty"
Package: lscape 2000/10/22 v3.01 Landscape Pages (DPC)
)
("C:\Program Files (x86)\MiKTeX 2.9\tex\latex\cleveref\cleveref.sty"
Package: cleveref 2013/12/28 v0.19 Intelligent cross-referencing
)
("C:\Program Files (x86)\MiKTeX 2.9\tex\latex\cite\cite.sty"
LaTeX Info: Redefining \cite on input line 302.
LaTeX Info: Redefining \nocite on input line 332.
Package: cite 2015/02/27  v 5.5
)
(C:\Users\dell\Documents\GitHub\Dissertation__Final_Report\dissertation.aux
(C:\Users\dell\Documents\GitHub\Dissertation__Final_Report\cover.aux)
(C:\Users\dell\Documents\GitHub\Dissertation__Final_Report\declaration.aux)
(C:\Users\dell\Documents\GitHub\Dissertation__Final_Report\acknowledgements.aux
) (C:\Users\dell\Documents\GitHub\Dissertation__Final_Report\abstract.aux)
(C:\Users\dell\Documents\GitHub\Dissertation__Final_Report\Chapter1/chapter1.au
x)
(C:\Users\dell\Documents\GitHub\Dissertation__Final_Report\Chapter2/chapter2.au
x)
(C:\Users\dell\Documents\GitHub\Dissertation__Final_Report\Chapter3/chapter3.au
x)
(C:\Users\dell\Documents\GitHub\Dissertation__Final_Report\Chapter4/chapter4.au
x)
(C:\Users\dell\Documents\GitHub\Dissertation__Final_Report\Chapter5/chapter5.au
x)
(C:\Users\dell\Documents\GitHub\Dissertation__Final_Report\Appendix1/appendix1.
aux)
(C:\Users\dell\Documents\GitHub\Dissertation__Final_Report\Appendix2/appendix2.
aux)
(C:\Users\dell\Documents\GitHub\Dissertation__Final_Report\Appendix3/appendix3.
aux))
LaTeX Font Info:    Checking defaults for OML/cmm/m/it on input line 37.
LaTeX Font Info:    ... okay on input line 37.
LaTeX Font Info:    Checking defaults for T1/cmr/m/n on input line 37.
LaTeX Font Info:    ... okay on input line 37.
LaTeX Font Info:    Checking defaults for OT1/cmr/m/n on input line 37.
LaTeX Font Info:    ... okay on input line 37.
LaTeX Font Info:    Checking defaults for OMS/cmsy/m/n on input line 37.
LaTeX Font Info:    ... okay on input line 37.
LaTeX Font Info:    Checking defaults for OMX/cmex/m/n on input line 37.
LaTeX Font Info:    ... okay on input line 37.
LaTeX Font Info:    Checking defaults for U/cmr/m/n on input line 37.
LaTeX Font Info:    ... okay on input line 37.
LaTeX Font Info:    Try loading font information for OT1+ptm on input line 37.
 ("C:\Program Files (x86)\MiKTeX 2.9\tex\latex\psnfss\ot1ptm.fd"
File: ot1ptm.fd 2001/06/04 font definitions for OT1/ptm.
)
("C:\Program Files (x86)\MiKTeX 2.9\tex\context\base\supp-pdf.mkii"
[Loading MPS to PDF converter (version 2006.09.02).]
\scratchcounter=\count110
\scratchdimen=\dimen118
\scratchbox=\box35
\nofMPsegments=\count111
\nofMParguments=\count112
\everyMPshowfont=\toks23
\MPscratchCnt=\count113
\MPscratchDim=\dimen119
\MPnumerator=\count114
\makeMPintoPDFobject=\count115
\everyMPtoPDFconversion=\toks24
)
Package lastpage Info: Please have a look at the pageslts package at
(lastpage)             http://www.ctan.org/tex-archive/ 
(lastpage)             macros/latex/contrib/pageslts/ 
(lastpage)             or
(lastpage)             http://www.ctan.org/tex-archive/ 
(lastpage)             install/macros/latex/contrib/pageslts.tds.zip
(lastpage)             ! on input line 37.
\AtBeginShipoutBox=\box36
 (C:\Users\dell\Documents\GitHub\Dissertation__Final_Report\cover.tex
LaTeX Font Info:    Font shape `OT1/ptm/bx/n' in size <14.4> not available
(Font)              Font shape `OT1/ptm/b/n' tried instead on input line 28.
LaTeX Font Info:    Try loading font information for U+msa on input line 28.

("C:\Program Files (x86)\MiKTeX 2.9\tex\latex\amsfonts\umsa.fd"
File: umsa.fd 2013/01/14 v3.01 AMS symbols A
)
LaTeX Font Info:    Try loading font information for U+msb on input line 28.

("C:\Program Files (x86)\MiKTeX 2.9\tex\latex\amsfonts\umsb.fd"
File: umsb.fd 2013/01/14 v3.01 AMS symbols B
) [0


{C:/ProgramData/MiKTeX/2.9/pdftex/config/pdftex.map}])
(C:\Users\dell\Documents\GitHub\Dissertation__Final_Report\declaration.tex
LaTeX Font Info:    Font shape `OT1/ptm/bx/n' in size <17.28> not available
(Font)              Font shape `OT1/ptm/b/n' tried instead on input line 7.

Underfull \hbox (badness 10000) in paragraph at lines 30--31

 []


Underfull \hbox (badness 10000) in paragraph at lines 33--34

 []


Underfull \hbox (badness 10000) in paragraph at lines 53--54

 []


Underfull \hbox (badness 10000) in paragraph at lines 56--57

 []

) [1


]
(C:\Users\dell\Documents\GitHub\Dissertation__Final_Report\acknowledgements.tex
) [2


] (C:\Users\dell\Documents\GitHub\Dissertation__Final_Report\abstract.tex)
[3


] (C:\Users\dell\Documents\GitHub\Dissertation__Final_Report\dissertation.toc
LaTeX Font Info:    Font shape `OT1/ptm/bx/n' in size <10.95> not available
(Font)              Font shape `OT1/ptm/b/n' tried instead on input line 1.
)
\tf@toc=\write3
 [1

]
(C:\Users\dell\Documents\GitHub\Dissertation__Final_Report\dissertation.lof)
\tf@lof=\write4

[2] (C:\Users\dell\Documents\GitHub\Dissertation__Final_Report\dissertation.lot
)
\tf@lot=\write5
 [3]
(C:\Users\dell\Documents\GitHub\Dissertation__Final_Report\Chapter1/chapter1.te
x
Chapter 1.
LaTeX Font Info:    Font shape `OT1/ptm/bx/n' in size <20.74> not available
(Font)              Font shape `OT1/ptm/b/n' tried instead on input line 1.
LaTeX Font Info:    Font shape `OT1/ptm/bx/n' in size <24.88> not available
(Font)              Font shape `OT1/ptm/b/n' tried instead on input line 1.
Missing character: There is no Ã in font ptmr7t!
Missing character: There is no © in font ptmr7t!
[1


]
Underfull \hbox (badness 10000) in paragraph at lines 11--12

 []

<images/notes.jpg, id=32, 3276.24pt x 2457.18pt>
File: images/notes.jpg Graphic file (type jpg)
 <use images/notes.jpg>
Package pdftex.def Info: images/notes.jpg used on input line 15.
(pdftex.def)             Requested size: 213.39566pt x 160.02225pt.

[2 <C:/Users/dell/Documents/GitHub/Dissertation__Final_Report/images/notes.jpg>
]
LaTeX Font Info:    Font shape `OT1/ptm/bx/n' in size <12> not available
(Font)              Font shape `OT1/ptm/b/n' tried instead on input line 45.
 [3] [4]
Overfull \hbox (2.08116pt too wide) in paragraph at lines 91--105
[][] 
 []


LaTeX Warning: `h' float specifier changed to `ht'.

[5] [6]) [7]
(C:\Users\dell\Documents\GitHub\Dissertation__Final_Report\Chapter2/chapter2.te
x
Chapter 2.
[8



]) [9]
(C:\Users\dell\Documents\GitHub\Dissertation__Final_Report\Chapter3/chapter3.te
x
Chapter 3.
) [10



]
(C:\Users\dell\Documents\GitHub\Dissertation__Final_Report\Chapter4/chapter4.te
x
Chapter 4.
Missing character: There is no ï in font ptmr7t!
Missing character: There is no ¿ in font ptmr7t!
Missing character: There is no ½ in font ptmr7t!
Missing character: There is no ï in font ptmr7t!
Missing character: There is no ¿ in font ptmr7t!
Missing character: There is no ½ in font ptmr7t!
) [11



]
(C:\Users\dell\Documents\GitHub\Dissertation__Final_Report\Chapter5/chapter5.te
x
Chapter 5.
) [12



] [13


]
(C:\Users\dell\Documents\GitHub\Dissertation__Final_Report\Appendix1/appendix1.
tex
Appendix A.
[14


] <images/first.png, id=74, 1312.905pt x 248.42813pt>
File: images/first.png Graphic file (type png)

<use images/first.png>
Package pdftex.def Info: images/first.png used on input line 10.
(pdftex.def)             Requested size: 654.4075pt x 170.7181pt.

Overfull \hbox (2.8394pt too wide) in paragraph at lines 10--11
 [][] 
 []

[15

 <C:/Users/dell/Documents/GitHub/Dissertation__Final_Report/images/first.png>] 
<images/init.pdf, id=80, page=1, 614.295pt x 794.97pt>
File: images/init.pdf Graphic file (type pdf)

<use images/init.pdf, page 1>
Package pdftex.def Info: images/init.pdf, page1 used on input line 19.
(pdftex.def)             Requested size: 512.17993pt x 512.1634pt.

Overfull \hbox (85.3886pt too wide) in paragraph at lines 19--20
[][] 
 []

<images/init.pdf, id=81, page=2, 614.295pt x 794.97pt>
File: images/init.pdf Graphic file (type pdf)

<use images/init.pdf, page 2>
Package pdftex.def Info: images/init.pdf, page2 used on input line 23.
(pdftex.def)             Requested size: 512.17993pt x 512.1634pt.

Overfull \hbox (85.3886pt too wide) in paragraph at lines 23--24
[][] 
 []


LaTeX Warning: `!h' float specifier changed to `!ht'.

[16


 <C:/Users/dell/Documents/GitHub/Dissertation__Final_Report/images/init.pdf>] [
17 <C:/Users/dell/Documents/GitHub/Dissertation__Final_Report/images/init.pdf>]
 <images/eval.pdf, id=114, page=1, 597.55246pt x 845.07718pt>
File: images/eval.pdf Graphic file (type pdf)

<use images/eval.pdf, page 1>
Package pdftex.def Info: images/eval.pdf, page1 used on input line 32.
(pdftex.def)             Requested size: 455.25697pt x 597.5074pt.

Overfull \hbox (28.46564pt too wide) in paragraph at lines 32--33
 [][] 
 []


LaTeX Warning: `!h' float specifier changed to `!ht'.

<images/eval.pdf, id=115, page=2, 597.55246pt x 845.07718pt>
File: images/eval.pdf Graphic file (type pdf)

<use images/eval.pdf, page 2>
Package pdftex.def Info: images/eval.pdf, page2 used on input line 36.
(pdftex.def)             Requested size: 455.25697pt x 597.5074pt.

Overfull \hbox (28.46564pt too wide) in paragraph at lines 36--37
 [][] 
 []


LaTeX Warning: `!h' float specifier changed to `!ht'.

<images/eval.pdf, id=116, page=3, 597.55246pt x 845.07718pt>
File: images/eval.pdf Graphic file (type pdf)

<use images/eval.pdf, page 3>
Package pdftex.def Info: images/eval.pdf, page3 used on input line 40.
(pdftex.def)             Requested size: 455.25697pt x 597.5074pt.

Overfull \hbox (28.46564pt too wide) in paragraph at lines 40--41
 [][] 
 []


LaTeX Warning: `!h' float specifier changed to `!ht'.

<images/eval.pdf, id=117, page=4, 597.55246pt x 845.07718pt>
File: images/eval.pdf Graphic file (type pdf)

<use images/eval.pdf, page 4>
Package pdftex.def Info: images/eval.pdf, page4 used on input line 44.
(pdftex.def)             Requested size: 455.25697pt x 597.5074pt.

Overfull \hbox (28.46564pt too wide) in paragraph at lines 44--45
 [][] 
 []


LaTeX Warning: `!h' float specifier changed to `!ht'.

<images/eval.pdf, id=118, page=5, 597.55246pt x 845.07718pt>
File: images/eval.pdf Graphic file (type pdf)

<use images/eval.pdf, page 5>
Package pdftex.def Info: images/eval.pdf, page5 used on input line 48.
(pdftex.def)             Requested size: 455.25697pt x 597.5074pt.

Overfull \hbox (28.46564pt too wide) in paragraph at lines 48--49
 [][] 
 []


LaTeX Warning: `!h' float specifier changed to `!ht'.

[18

] [19 <C:/Users/dell/Documents/GitHub/Dissertation__Final_Report/images/eval.pd
f>] [20 <C:/Users/dell/Documents/GitHub/Dissertation__Final_Report/images/eval.
pdf>] [21 <C:/Users/dell/Documents/GitHub/Dissertation__Final_Report/images/eva
l.pdf>] [22 <C:/Users/dell/Documents/GitHub/Dissertation__Final_Report/images/e
val.pdf>] [23 <C:/Users/dell/Documents/GitHub/Dissertation__Final_Report/images
/eval.pdf>] [24

] <images/second.png, id=181, 1029.8475pt x 411.03563pt>
File: images/second.png Graphic file (type png)

<use images/second.png>
Package pdftex.def Info: images/second.png used on input line 58.
(pdftex.def)             Requested size: 654.43304pt x 170.71458pt.

Overfull \hbox (2.86494pt too wide) in paragraph at lines 58--59
 [][] 
 []

[25

 <C:/Users/dell/Documents/GitHub/Dissertation__Final_Report/images/second.png>]
)
(C:\Users\dell\Documents\GitHub\Dissertation__Final_Report\Appendix2/appendix2.
tex
Appendix B.
Missing character: There is no ï in font ptmr7t!
Missing character: There is no ¿ in font ptmr7t!
Missing character: There is no ½ in font ptmr7t!
Missing character: There is no ï in font ptmr7t!
Missing character: There is no ¿ in font ptmr7t!
Missing character: There is no ½ in font ptmr7t!

LaTeX Warning: Citation `apache_poi' on page 26 undefined on input line 12.


LaTeX Warning: Citation `apache_license' on page 26 undefined on input line 13.


) [26





]
(C:\Users\dell\Documents\GitHub\Dissertation__Final_Report\Appendix3/appendix3.
tex
Appendix C.

LaTeX Warning: Citation `NumericalRecipes' on page 27 undefined on input line 5
.

LaTeX Font Info:    Try loading font information for OT1+pcr on input line 7.
("C:\Program Files (x86)\MiKTeX 2.9\tex\latex\psnfss\ot1pcr.fd"
File: ot1pcr.fd 2001/06/04 font definitions for OT1/pcr.
) [27



] [28])
[29]
(C:\Users\dell\Documents\GitHub\Dissertation__Final_Report\dissertation.bbl
[30


]) 
AED: lastpage setting LastPage
[31]
(C:\Users\dell\Documents\GitHub\Dissertation__Final_Report\dissertation.aux
(C:\Users\dell\Documents\GitHub\Dissertation__Final_Report\cover.aux)
(C:\Users\dell\Documents\GitHub\Dissertation__Final_Report\declaration.aux)
(C:\Users\dell\Documents\GitHub\Dissertation__Final_Report\acknowledgements.aux
) (C:\Users\dell\Documents\GitHub\Dissertation__Final_Report\abstract.aux)
(C:\Users\dell\Documents\GitHub\Dissertation__Final_Report\Chapter1/chapter1.au
x)
(C:\Users\dell\Documents\GitHub\Dissertation__Final_Report\Chapter2/chapter2.au
x)
(C:\Users\dell\Documents\GitHub\Dissertation__Final_Report\Chapter3/chapter3.au
x)
(C:\Users\dell\Documents\GitHub\Dissertation__Final_Report\Chapter4/chapter4.au
x)
(C:\Users\dell\Documents\GitHub\Dissertation__Final_Report\Chapter5/chapter5.au
x)
(C:\Users\dell\Documents\GitHub\Dissertation__Final_Report\Appendix1/appendix1.
aux)
(C:\Users\dell\Documents\GitHub\Dissertation__Final_Report\Appendix2/appendix2.
aux)
(C:\Users\dell\Documents\GitHub\Dissertation__Final_Report\Appendix3/appendix3.
aux))

LaTeX Warning: There were undefined references.

 ) 
Here is how much of TeX's memory you used:
 5741 strings out of 493921
 94863 string characters out of 3144879
 174627 words of memory out of 3000000
 8830 multiletter control sequences out of 15000+200000
 26005 words of font info for 57 fonts, out of 3000000 for 9000
 841 hyphenation exceptions out of 8191
 37i,11n,45p,1690b,444s stack positions out of 5000i,500n,10000p,200000b,50000s
{C:/Program Files (x86)/MiKTeX 2.9/fonts/enc/dvips/fontname/8r.enc}<C:/Progra
m Files (x86)/MiKTeX 2.9/fonts/type1/public/amsfonts/cm/cmsy10.pfb><C:/Program 
Files (x86)/MiKTeX 2.9/fonts/type1/public/fpl/fplrc8a.pfb><C:/Program Files (x8
6)/MiKTeX 2.9/fonts/type1/public/fpl/fplrij8a.pfb><C:/Program Files (x86)/MiKTe
X 2.9/fonts/type1/urw/courier/ucrr8a.pfb><C:/Program Files (x86)/MiKTeX 2.9/fon
ts/type1/urw/palatino/uplb8a.pfb><C:/Program Files (x86)/MiKTeX 2.9/fonts/type1
/urw/palatino/uplr8a.pfb><C:/Program Files (x86)/MiKTeX 2.9/fonts/type1/urw/pal
atino/uplri8a.pfb><C:/Program Files (x86)/MiKTeX 2.9/fonts/type1/urw/times/utmb
8a.pfb><C:/Program Files (x86)/MiKTeX 2.9/fonts/type1/urw/times/utmr8a.pfb><C:/
Program Files (x86)/MiKTeX 2.9/fonts/type1/urw/times/utmr8a.pfb><C:/Program Fil
es (x86)/MiKTeX 2.9/fonts/type1/urw/times/utmri8a.pfb>
Output written on dissertation.pdf (38 pages, 3704213 bytes).
PDF statistics:
 234 PDF objects out of 1000 (max. 8388607)
 0 named destinations out of 1000 (max. 500000)
 51 words of extra memory for PDF output out of 10000 (max. 10000000)

